<?xml version="1.0" encoding="UTF-8"?>
<testng-results ignored="5" total="8" passed="3" failed="0" skipped="0">
  <reporter-output>
  </reporter-output>
  <suite started-at="2023-07-11T17:49:27 IST" name="Gradle suite" finished-at="2023-07-11T17:49:55 IST" duration-ms="27814">
    <groups>
    </groups>
    <test started-at="2023-07-11T17:49:27 IST" name="Gradle test" finished-at="2023-07-11T17:49:55 IST" duration-ms="27814">
      <class name="qtriptest.tests.testCase_01">
        <test-method is-config="true" signature="createDriver()[pri:0, instance:qtriptest.tests.testCase_01@32502377]" started-at="2023-07-11T17:49:27 IST" name="createDriver" finished-at="2023-07-11T17:49:31 IST" duration-ms="3781" status="PASS">
          <reporter-output>
          </reporter-output>
        </test-method> <!-- createDriver -->
        <test-method signature="TestCase01(java.lang.String,java.lang.String)[pri:0, instance:qtriptest.tests.testCase_01@32502377]" started-at="2023-07-11T17:49:33 IST" name="TestCase01" description="Implement the test case01 of Qtrip Application" data-provider="QTripData" finished-at="2023-07-11T17:49:41 IST" duration-ms="7602" status="PASS">
          <params>
            <param index="0">
              <value>
                <![CDATA[testuser2@gmail.com]]>
              </value>
            </param>
            <param index="1">
              <value>
                <![CDATA[abc@123]]>
              </value>
            </param>
          </params>
          <reporter-output>
          </reporter-output>
        </test-method> <!-- TestCase01 -->
        <test-method signature="TestCase01(java.lang.String,java.lang.String)[pri:0, instance:qtriptest.tests.testCase_01@32502377]" started-at="2023-07-11T17:49:41 IST" name="TestCase01" description="Implement the test case01 of Qtrip Application" data-provider="QTripData" finished-at="2023-07-11T17:49:48 IST" duration-ms="6917" status="PASS">
          <params>
            <param index="0">
              <value>
                <![CDATA[TESTUSER2@gmail.com]]>
              </value>
            </param>
            <param index="1">
              <value>
                <![CDATA[123456.0]]>
              </value>
            </param>
          </params>
          <reporter-output>
          </reporter-output>
        </test-method> <!-- TestCase01 -->
        <test-method signature="TestCase01(java.lang.String,java.lang.String)[pri:0, instance:qtriptest.tests.testCase_01@32502377]" started-at="2023-07-11T17:49:48 IST" name="TestCase01" description="Implement the test case01 of Qtrip Application" data-provider="QTripData" finished-at="2023-07-11T17:49:55 IST" duration-ms="7039" status="PASS">
          <params>
            <param index="0">
              <value>
                <![CDATA[123_USER_low2@gmail.com]]>
              </value>
            </param>
            <param index="1">
              <value>
                <![CDATA[QWERTY!!!!]]>
              </value>
            </param>
          </params>
          <reporter-output>
          </reporter-output>
        </test-method> <!-- TestCase01 -->
        <test-method is-config="true" signature="quitDriver()[pri:0, instance:qtriptest.tests.testCase_01@32502377]" started-at="2023-07-11T17:49:55 IST" name="quitDriver" finished-at="2023-07-11T17:49:55 IST" duration-ms="272" status="PASS">
          <reporter-output>
          </reporter-output>
        </test-method> <!-- quitDriver -->
      </class> <!-- qtriptest.tests.testCase_01 -->
    </test> <!-- Gradle test -->
  </suite> <!-- Gradle suite -->
</testng-results>
